<?xml version="1.0" encoding="UTF-8"?>
<!-- Generated by org.testng.reporters.JUnitXMLReporter -->
<testsuite ignored="0" hostname="DESKTOP-ELU3M4T" failures="0" tests="4" name="EdgeTest" time="32.297" errors="0" timestamp="2024-08-16T20:45:45 IST">
  <testcase classname="testScripts.LoginPageTest" name="verifyUserLoginWithInvalidUserCredentials" time="5.493"/>
  <testcase classname="testScripts.LoginPageTest" name="verifyUserLoginWithInvalidUserCredentials" time="4.543"/>
  <testcase classname="testScripts.LoginPageTest" name="verifyUserLoginWithInvalidUserCredentials" time="4.458"/>
  <testcase classname="testScripts.LoginPageTest" name="verifyUserLoginWithValidCredentials" time="4.604"/>
</testsuite> <!-- EdgeTest -->
