<?xml version="1.0" encoding="UTF-8"?>
<!-- Generated by org.testng.reporters.JUnitXMLReporter -->
<testsuite ignored="1" hostname="DESKTOP-ELU3M4T" failures="0" tests="1" name="HomePageTest" time="8.909" errors="0" timestamp="2024-08-19T19:48:48 IST">
  <testcase classname="testScripts.HomePageTest" name="verifyHomePageTitle" time="4.684"/>
  <testcase classname="testScripts.HomePageTest" name="verifyCommunityPoolSelection" time="0.0">
    <ignored/>
  </testcase> <!-- verifyCommunityPoolSelection -->
</testsuite> <!-- HomePageTest -->
