<?xml version="1.0" encoding="UTF-8"?>
<!-- Generated by org.testng.reporters.JUnitXMLReporter -->
<testsuite ignored="0" hostname="DESKTOP-ELU3M4T" failures="0" tests="4" name="LoginPageTest" time="28.333" errors="0" timestamp="2024-08-19T19:49:07 IST">
  <testcase classname="testScripts.LoginPageTest" name="verifyUserLoginWithInvalidUserCredentials" time="5.68"/>
  <testcase classname="testScripts.LoginPageTest" name="verifyUserLoginWithInvalidUserCredentials" time="4.735"/>
  <testcase classname="testScripts.LoginPageTest" name="verifyUserLoginWithInvalidUserCredentials" time="4.524"/>
  <testcase classname="testScripts.LoginPageTest" name="verifyUserLoginWithValidCredentials" time="5.109"/>
</testsuite> <!-- LoginPageTest -->
