<?xml version="1.0" encoding="UTF-8"?>
<!-- Generated by org.testng.reporters.JUnitXMLReporter -->
<testsuite ignored="1" hostname="DESKTOP-ELU3M4T" failures="1" tests="4" name="Test" time="19.876" errors="0" timestamp="2024-08-19T20:04:49 IST">
  <testcase classname="testScripts.HomePageTest" name="verifyHomePageTitle" time="4.012">
    <skipped/>
  </testcase> <!-- verifyHomePageTitle -->
  <testcase classname="testScripts.HomePageTest" name="verifyHomePageTitle" time="3.199">
    <skipped/>
  </testcase> <!-- verifyHomePageTitle -->
  <testcase classname="testScripts.HomePageTest" name="verifyHomePageTitle" time="3.032">
    <skipped/>
  </testcase> <!-- verifyHomePageTitle -->
  <testcase classname="testScripts.HomePageTest" name="verifyHomePageTitle" time="3.261">
    <failure type="java.lang.AssertionError" message="Title Mismatch expected [Demo Web shop] but found [Demo Web Shop]">
      <![CDATA[java.lang.AssertionError: Title Mismatch expected [Demo Web shop] but found [Demo Web Shop]
at testScripts.HomePageTest.verifyHomePageTitle(HomePageTest.java:22)
at java.base/java.util.ArrayList.forEach(ArrayList.java:1596)
... Removed 30 stack frames]]>
    </failure>
  </testcase> <!-- verifyHomePageTitle -->
  <testcase classname="testScripts.HomePageTest" name="verifyCommunityPoolSelection" time="0.0">
    <ignored/>
  </testcase> <!-- verifyCommunityPoolSelection -->
</testsuite> <!-- Test -->
