<?xml version="1.0" encoding="UTF-8"?>
<testng-results ignored="0" total="1" passed="1" failed="0" skipped="0">
  <reporter-output>
  </reporter-output>
  <suite started-at="2024-08-30T12:34:41 IST" name="Default suite" finished-at="2024-08-30T12:34:46 IST" duration-ms="5394">
    <groups>
      <group name="Sanity">
        <method signature="HomePageTest.verifyHomePageTitle()[pri:0, instance:testScripts.HomePageTest@4c371370]" name="verifyHomePageTitle" class="testScripts.HomePageTest"/>
      </group> <!-- Sanity -->
    </groups>
    <test started-at="2024-08-30T12:34:41 IST" name="Default test" finished-at="2024-08-30T12:34:46 IST" duration-ms="5394">
      <class name="testScripts.HomePageTest">
        <test-method is-config="true" signature="setBrowser()[pri:0, instance:testScripts.HomePageTest@4c371370]" started-at="2024-08-30T12:34:41 IST" name="setBrowser" finished-at="2024-08-30T12:34:42 IST" duration-ms="1449" status="PASS">
          <reporter-output>
          </reporter-output>
        </test-method> <!-- setBrowser -->
        <test-method signature="verifyHomePageTitle()[pri:0, instance:testScripts.HomePageTest@4c371370]" started-at="2024-08-30T12:34:42 IST" name="verifyHomePageTitle" finished-at="2024-08-30T12:34:46 IST" duration-ms="3756" status="PASS">
          <reporter-output>
          </reporter-output>
        </test-method> <!-- verifyHomePageTitle -->
        <test-method is-config="true" signature="closeBrowser(org.testng.ITestResult)[pri:0, instance:testScripts.HomePageTest@4c371370]" started-at="2024-08-30T12:34:46 IST" name="closeBrowser" finished-at="2024-08-30T12:34:46 IST" duration-ms="137" status="PASS">
          <params>
            <param index="0">
              <value>
                <![CDATA[[TestResult name=verifyHomePageTitle status=SUCCESS method=HomePageTest.verifyHomePageTitle()[pri:0, instance:testScripts.HomePageTest@4c371370] output={null}]]]>
              </value>
            </param>
          </params>
          <reporter-output>
          </reporter-output>
        </test-method> <!-- closeBrowser -->
      </class> <!-- testScripts.HomePageTest -->
    </test> <!-- Default test -->
  </suite> <!-- Default suite -->
</testng-results>
